Step: build-step-credential-initializer:

{"level":"warn","ts":1548413951.8008583,"logger":"fallback-logger","caller":"logging/config.go:65","msg":"Fetch GitHub commit ID from kodata failed: \"ref: refs/heads/test\" is not a valid GitHub commit ID"}
{"level":"info","ts":1548413951.8011513,"logger":"fallback-logger","caller":"creds-init/main.go:40","msg":"Credentials initialized."}
Step: build-step-git-source-0:

{"level":"warn","ts":1548413952.6204705,"logger":"fallback-logger","caller":"logging/config.go:65","msg":"Fetch GitHub commit ID from kodata failed: \"ref: refs/heads/test\" is not a valid GitHub commit ID"}
{"level":"info","ts":1548413953.7535393,"logger":"fallback-logger","caller":"git-init/main.go:92","msg":"Successfully cloned \"https://github.com/cb-kubecd/my-cool-app-jr5.git\" @ \"master\" in path \"/workspace\""}
Step: build-step-jenkins:

Picked up _JAVA_OPTIONS: -Xmx400m
Started
Running in Durability level: PERFORMANCE_OPTIMIZED
  20.261 [id=35]	WARNING	i.f.k.c.i.VersionUsageUtils#alert: The client is using resource type 'customresourcedefinitions' with unstable version 'v1beta1'
[Pipeline] node
Running on Jenkins in /tmp/jenkinsTests.tmp/jenkins3012827649691132128test/workspace/job
[Pipeline] {
[Pipeline] stage
[Pipeline] { (Declarative: Checkout SCM)
[Pipeline] checkout
[Pipeline] }
[Pipeline] // stage
[Pipeline] withCredentials
[Pipeline] {
[Pipeline] withEnv
[Pipeline] {
[Pipeline] stage
[Pipeline] { (CI Build and push snapshot)
Stage "CI Build and push snapshot" skipped due to when conditional
[Pipeline] }
[Pipeline] // stage
[Pipeline] stage
[Pipeline] { (Build Release)
[Pipeline] dir
Running in /home/jenkins/go/src/github.com/cb-kubecd/my-cool-app-jr5
[Pipeline] {
[Pipeline] git
Cloning the remote Git repository
Cloning repository https://github.com/cb-kubecd/my-cool-app-jr5.git
 > git init /home/jenkins/go/src/github.com/cb-kubecd/my-cool-app-jr5 # timeout=10
Fetching upstream changes from https://github.com/cb-kubecd/my-cool-app-jr5.git
 > git --version # timeout=10
 > git fetch --tags --progress https://github.com/cb-kubecd/my-cool-app-jr5.git +refs/heads/*:refs/remotes/origin/*
 > git config remote.origin.url https://github.com/cb-kubecd/my-cool-app-jr5.git # timeout=10
 > git config --add remote.origin.fetch +refs/heads/*:refs/remotes/origin/* # timeout=10
 > git config remote.origin.url https://github.com/cb-kubecd/my-cool-app-jr5.git # timeout=10
Fetching upstream changes from https://github.com/cb-kubecd/my-cool-app-jr5.git
 > git fetch --tags --progress https://github.com/cb-kubecd/my-cool-app-jr5.git +refs/heads/*:refs/remotes/origin/*
 > git rev-parse refs/remotes/origin/master^{commit} # timeout=10
 > git rev-parse refs/remotes/origin/origin/master^{commit} # timeout=10
Checking out Revision 79e0f4e2c62c1b7242f09ac22fdd7b1f7a474cf7 (refs/remotes/origin/master)
 > git config core.sparsecheckout # timeout=10
 > git checkout -f 79e0f4e2c62c1b7242f09ac22fdd7b1f7a474cf7
 > git branch -a -v --no-abbrev # timeout=10
 > git checkout -b master 79e0f4e2c62c1b7242f09ac22fdd7b1f7a474cf7
Commit message: "Draft create"
First time build. Skipping changelog.
[Pipeline] sh
+ jx-release-version
+ echo 0.0.1
[Pipeline] sh
+ cat VERSION
+ jx step tag --version 0.0.1
Tag v0.0.1 created and pushed to remote origin
[Pipeline] sh
+ make build
CGO_ENABLED=0 GO15VENDOREXPERIMENT=1 go build -ldflags '' -o bin/my-cool-app-jr5 main.go
[Pipeline] sh
+ cat VERSION
+ export VERSION=0.0.1
+ skaffold build -f skaffold.yaml
time="2019-01-25T11:02:39Z" level=warning msg="config version (skaffold/v1beta2) out of date: upgrading to latest (skaffold/v1beta3)"
Starting build...
Building [changeme]...
Sending build context to Docker daemon  525.8kBSending build context to Docker daemon  3.868MBSending build context to Docker daemon  6.502MB
Step 1/4 : FROM scratch
 ---> 
Step 2/4 : EXPOSE 8080
 ---> Running in 9f679b5a529a
 ---> 93aad70508ac
Step 3/4 : ENTRYPOINT /my-cool-app-jr5
 ---> Running in 0913d8670c30
 ---> d3298aad116f
Step 4/4 : COPY ./bin/ /
 ---> 26c3cdd7cde8
Successfully built 26c3cdd7cde8
The push refers to a repository [10.31.245.34:5000/cb-kubecd/my-cool-app-jr5]
e86d5b4e9a3d: Preparing
e86d5b4e9a3d: Pushed
0.0.1: digest: sha256:3faf841257e31fb219ac2273cf1dc771a3bfd0a2df0b3606c84e2b6ab330c97d size: 528
Build complete in 1.926044176s
Starting test...
Test complete in 6.016µs
changeme -> 10.31.245.34:5000/cb-kubecd/my-cool-app-jr5:0.0.1
[Pipeline] sh
+ cat VERSION
+ jx step post build --image 10.31.245.34:5000/cb-kubecd/my-cool-app-jr5:0.0.1
[Pipeline] }
[Pipeline] // dir
[Pipeline] }
[Pipeline] // stage
[Pipeline] stage
[Pipeline] { (Promote to Environments)
[Pipeline] dir
Running in /home/jenkins/go/src/github.com/cb-kubecd/my-cool-app-jr5/charts/my-cool-app-jr5
[Pipeline] {
[Pipeline] sh
+ cat ../../VERSION
+ jx step changelog --version v0.0.1
Using batch mode as inside a pipeline
Generating change log from git ref 79e0f4e2c62c1b7242f09ac22fdd7b1f7a474cf7 => 48b5059744ec6a986fce2c925f25efea673e82e9
Failed to enrich commits with issues: User.jenkins.io "" is invalid: metadata.name: Required value: name or generateName is required
Failed to enrich commits with issues: User.jenkins.io "" is invalid: metadata.name: Required value: name or generateName is required
Finding issues in commit messages using git format
No release found for cb-kubecd/my-cool-app-jr5 and tag v0.0.1 so creating a new release
Updated the release information at https://github.com/cb-kubecd/my-cool-app-jr5/releases/tag/v0.0.1
generated: /home/jenkins/go/src/github.com/cb-kubecd/my-cool-app-jr5/charts/my-cool-app-jr5/templates/release.yaml
Created Release my-cool-app-jr5-0-0-1 resource in namespace jx
Updating PipelineActivity cb-kubecd-my-cool-app-jr5-master-1 with version 0.0.1
Updated PipelineActivities cb-kubecd-my-cool-app-jr5-master-1 with release notes URL: https://github.com/cb-kubecd/my-cool-app-jr5/releases/tag/v0.0.1
[Pipeline] sh
+ jx step helm release
No $CHART_REPOSITORY defined so using the default value of: http://jenkins-x-chartmuseum:8080
Adding missing Helm repo: jenkins-x http://chartmuseum.jenkins-x.io
Successfully added Helm repository jenkins-x.
Adding missing Helm repo: releases http://jenkins-x-chartmuseum:8080
Successfully added Helm repository releases.
No $CHART_REPOSITORY defined so using the default value of: http://jenkins-x-chartmuseum:8080
Uploading chart file my-cool-app-jr5-0.0.1.tgz to http://jenkins-x-chartmuseum:8080/api/charts
Received 201 response: {"saved":true}
[Pipeline] sh
+ cat ../../VERSION
+ jx promote -b --all-auto --timeout 1h --version 0.0.1
prow based install so skip waiting for the merge of Pull Requests to go green as currently there is an issue with gettingstatuses from the PR, see https://github.com/jenkins-x/jx/issues/2410
Promoting app my-cool-app-jr5 version 0.0.1 to namespace jx-staging
Created Pull Request: https://github.com/cb-kubecd/environment-jrawlings-dev9-staging/pull/2

Pull Request https://github.com/cb-kubecd/environment-jrawlings-dev9-staging/pull/2 is merged at sha b27551e467ca2f789e54ee9f247d061a97aef355
Pull Request merged but we are not waiting for the update pipeline to complete!
Could not find the service URL in namespace jx-staging for names my-cool-app-jr5, jx-my-cool-app-jr5, jx-staging-my-cool-app-jr5
[Pipeline] }
[Pipeline] // dir
[Pipeline] }
[Pipeline] // stage
[Pipeline] }
[Pipeline] // withEnv
[Pipeline] }
[Pipeline] // withCredentials
[Pipeline] }
[Pipeline] // node
[Pipeline] End of Pipeline
Finished: SUCCESS
