Step: build-step-credential-initializer:

{"level":"warn","ts":1548435119.264788,"logger":"fallback-logger","caller":"logging/config.go:65","msg":"Fetch GitHub commit ID from kodata failed: \"ref: refs/heads/test\" is not a valid GitHub commit ID"}
{"level":"info","ts":1548435119.2659826,"logger":"fallback-logger","caller":"creds-init/main.go:40","msg":"Credentials initialized."}
Step: build-step-git-source-0:

{"level":"warn","ts":1548435120.7154088,"logger":"fallback-logger","caller":"logging/config.go:65","msg":"Fetch GitHub commit ID from kodata failed: \"ref: refs/heads/test\" is not a valid GitHub commit ID"}
{"level":"info","ts":1548435124.3214653,"logger":"fallback-logger","caller":"git-init/main.go:92","msg":"Successfully cloned \"https://github.com/cb-kubecd/jx-brown-bag1.git\" @ \"dabfdb2ed33c004ed85445c429d2eeba7b83b2a4\" in path \"/workspace\""}
Step: build-step-jenkins:

Picked up _JAVA_OPTIONS: -Xmx400m
Started
Running in Durability level: PERFORMANCE_OPTIMIZED
  20.112 [id=32]	WARNING	i.f.k.c.i.VersionUsageUtils#alert: The client is using resource type 'customresourcedefinitions' with unstable version 'v1beta1'
[Pipeline] node
Running on Jenkins in /tmp/jenkinsTests.tmp/jenkins7298589234897762507test/workspace/job
[Pipeline] {
[Pipeline] stage
[Pipeline] { (Declarative: Checkout SCM)
[Pipeline] checkout
[Pipeline] }
[Pipeline] // stage
[Pipeline] withCredentials
[Pipeline] {
[Pipeline] withEnv
[Pipeline] {
[Pipeline] stage
[Pipeline] { (CI Build and push snapshot)
[Pipeline] withEnv
[Pipeline] {
[Pipeline] dir
Running in /home/jenkins/go/src/github.com/cb-kubecd/jx-brown-bag1
[Pipeline] {
[Pipeline] checkout
[Pipeline] sh
+ make linux
CGO_ENABLED=0 GOOS=linux GOARCH=amd64 GO15VENDOREXPERIMENT=1 go build -ldflags '' -o bin/jx-brown-bag1 main.go
[Pipeline] sh
+ export VERSION=0.0.0-SNAPSHOT-PR-1-1
+ skaffold build -f skaffold.yaml
time="2019-01-25T16:52:50Z" level=warning msg="config version (skaffold/v1beta2) out of date: upgrading to latest (skaffold/v1beta3)"
Starting build...
Building [changeme]...
Sending build context to Docker daemon  525.8kBSending build context to Docker daemon  6.502MB
Step 1/4 : FROM scratch
 ---> 
Step 2/4 : EXPOSE 8080
 ---> Using cache
 ---> 707c171bde0c
Step 3/4 : ENTRYPOINT /jx-brown-bag1
 ---> Running in 966073f38750
 ---> 02438828ab49
Step 4/4 : COPY ./bin/ /
 ---> dcfa271563fb
Successfully built dcfa271563fb
The push refers to a repository [10.31.245.34:5000/cb-kubecd/jx-brown-bag1]
068176ea0ba5: Preparing
068176ea0ba5: Pushed
0.0.0-SNAPSHOT-PR-1-1: digest: sha256:e254917e466911f0fe25e6d1803f6e502922748be2340f22f06bc6b20bba9090 size: 528
Build complete in 1.571200218s
Starting test...
Test complete in 5.431µs
changeme -> 10.31.245.34:5000/cb-kubecd/jx-brown-bag1:0.0.0-SNAPSHOT-PR-1-1
[Pipeline] sh
+ jx step post build --image 10.31.245.34:5000/cb-kubecd/jx-brown-bag1:0.0.0-SNAPSHOT-PR-1-1
[Pipeline] }
[Pipeline] // dir
[Pipeline] dir
Running in /home/jenkins/go/src/github.com/cb-kubecd/jx-brown-bag1/charts/preview
[Pipeline] {
[Pipeline] sh
+ make preview
sed -i -e "s/version:.*/version: 0.0.0-SNAPSHOT-PR-1-1/" Chart.yaml
sed -i -e "s/version:.*/version: 0.0.0-SNAPSHOT-PR-1-1/" ../*/Chart.yaml
sed -i -e "s|repository:.*|repository: 10.31.245.34:5000\/cb-kubecd\/jx-brown-bag1|" values.yaml
sed -i -e "s/tag:.*/tag: 0.0.0-SNAPSHOT-PR-1-1/" values.yaml
echo "  version: 0.0.0-SNAPSHOT-PR-1-1" >> requirements.yaml
jx step helm build
No $CHART_REPOSITORY defined so using the default value of: http://jenkins-x-chartmuseum:8080
Adding missing Helm repo: jenkins-x http://chartmuseum.jenkins-x.io
Successfully added Helm repository jenkins-x.
Adding missing Helm repo: releases http://jenkins-x-chartmuseum:8080
Successfully added Helm repository releases.
[Pipeline] sh
+ jx preview --app jx-brown-bag1 --dir ../..
Creating a preview
Commit author email is empty for: dabfdb2ed33c004ed85445c429d2eeba7b83b2a4
Looking for commits in: /home/jenkins/go/src/github.com/cb-kubecd/jx-brown-bag1/
Found commit author match for: rawlingsj with email address: rawlingsj80@gmail.com
Created environment cb-kubecd-jx-brown-bag1-pr-1
Namespace jx-cb-kubecd-jx-brown-bag1-pr-1 created 
 expose:
  Annotations:
    helm.sh/hook: post-install,post-upgrade
    helm.sh/hook-delete-policy: hook-succeeded
  config:
    domain: 23.251.137.155.nip.io
    exposer: Ingress
    http: "true"
preview:
  image:
    repository: 10.31.245.34:5000/cb-kubecd/jx-brown-bag1
    tag: 0.0.0-SNAPSHOT-PR-1-1
Failed to update PipelineActivities cb-kubecd-jx-brown-bag1-pr-1-1: the namespace of the object (jx-cb-kubecd-jx-brown-bag1-pr-1) does not match the namespace on the request (jx)
Preview application is now available at: http://jx-brown-bag1.jx-cb-kubecd-jx-brown-bag1-pr-1.23.251.137.155.nip.io

[Pipeline] }
[Pipeline] // dir
[Pipeline] }
[Pipeline] // withEnv
[Pipeline] }
[Pipeline] // stage
[Pipeline] stage
[Pipeline] { (Build Release)
Stage "Build Release" skipped due to when conditional
[Pipeline] }
[Pipeline] // stage
[Pipeline] stage
[Pipeline] { (Promote to Environments)
Stage "Promote to Environments" skipped due to when conditional
[Pipeline] }
[Pipeline] // stage
[Pipeline] }
[Pipeline] // withEnv
[Pipeline] }
[Pipeline] // withCredentials
[Pipeline] }
[Pipeline] // node
[Pipeline] End of Pipeline
Finished: SUCCESS
